<?xml version="1.0" encoding="UTF-8"?>
<!-- Generated by org.testng.reporters.JUnitXMLReporter -->
<testsuite hostname="Nishantsharma" failures="0" tests="4" name="Default test" time="1329.357" errors="0" timestamp="20 May 2020 10:05:53 GMT">
  <testcase classname="com.triotree.test.website.FrontOffice.MarkPatientDeceasedTest" name="markPatientDeceasedTest" time="295.141"/>
  <testcase classname="com.triotree.test.website.FrontOffice.MarkPatientDeceasedTest" name="markPatientDeceasedSearchPatientTest" time="285.708"/>
  <testcase classname="com.triotree.test.website.FrontOffice.MarkPatientDeceasedTest" name="revokeDeceasedPatientTest" time="392.046"/>
  <testcase classname="com.triotree.test.website.FrontOffice.MarkPatientDeceasedTest" name="frontOfficeCancellationOfAllAppointmentOnMarkPatientDeceased" time="335.105"/>
</testsuite> <!-- Default test -->
