<?xml version="1.0" encoding="UTF-8"?>
<!-- Generated by org.testng.reporters.JUnitXMLReporter -->
<testsuite hostname="DESKTOP-U1OL4JI" failures="1" tests="2" name="Test9" time="393.475" errors="0" timestamp="4 Dec 2020 12:41:42 GMT">
  <testcase classname="com.triotree.website.Pharmacy.OPSaleReturnTest" name="OPSalePharmacyReturnWithRefTest" time="166.035"/>
  <testcase classname="com.triotree.website.Pharmacy.OPSaleReturnTest" name="saleReturnWithoutRef" time="196.249">
    <failure type="org.openqa.selenium.ScriptTimeoutException" message="script timeout
  (Session info: chrome=87.0.4280.88)
Build info: version: &amp;apos;3.7.1&amp;apos;, revision: &amp;apos;8a0099a&amp;apos;, time: &amp;apos;2017-11-06T21:01:39.354Z&amp;apos;
System info: host: &amp;apos;DESKTOP-U1OL4JI&amp;apos;, ip: &amp;apos;206.19.38.118&amp;apos;, os.name: &amp;apos;Windows 10&amp;apos;, os.arch: &amp;apos;amd64&amp;apos;, os.version: &amp;apos;10.0&amp;apos;, java.version: &amp;apos;10.0.2&amp;apos;
Driver info: org.openqa.selenium.chrome.ChromeDriver
Capabilities {acceptInsecureCerts: false, browserName: chrome, browserVersion: 87.0.4280.88, chrome: {chromedriverVersion: 87.0.4280.88 (89e2380a3e36c..., userDataDir: C:\Users\Nishant\AppData\Lo...}, goog:chromeOptions: {debuggerAddress: localhost:59403}, javascriptEnabled: true, networkConnectionEnabled: false, pageLoadStrategy: normal, platform: WINDOWS, platformName: WINDOWS, proxy: Proxy(), setWindowRect: true, strictFileInteractability: false, timeouts: {implicit: 0, pageLoad: 300000, script: 30000}, unhandledPromptBehavior: dismiss and notify, webauthn:virtualAuthenticators: true}
Session ID: 92a4644702cbacd4dd1b3c33fd35a541">
      <![CDATA[org.openqa.selenium.ScriptTimeoutException: script timeout
  (Session info: chrome=87.0.4280.88)
Build info: version: '3.7.1', revision: '8a0099a', time: '2017-11-06T21:01:39.354Z'
System info: host: 'DESKTOP-U1OL4JI', ip: '206.19.38.118', os.name: 'Windows 10', os.arch: 'amd64', os.version: '10.0', java.version: '10.0.2'
Driver info: org.openqa.selenium.chrome.ChromeDriver
Capabilities {acceptInsecureCerts: false, browserName: chrome, browserVersion: 87.0.4280.88, chrome: {chromedriverVersion: 87.0.4280.88 (89e2380a3e36c..., userDataDir: C:\Users\Nishant\AppData\Lo...}, goog:chromeOptions: {debuggerAddress: localhost:59403}, javascriptEnabled: true, networkConnectionEnabled: false, pageLoadStrategy: normal, platform: WINDOWS, platformName: WINDOWS, proxy: Proxy(), setWindowRect: true, strictFileInteractability: false, timeouts: {implicit: 0, pageLoad: 300000, script: 30000}, unhandledPromptBehavior: dismiss and notify, webauthn:virtualAuthenticators: true}
Session ID: 92a4644702cbacd4dd1b3c33fd35a541
	at org.openqa.selenium.remote.http.W3CHttpResponseCodec.createException(W3CHttpResponseCodec.java:187)
	at org.openqa.selenium.remote.http.W3CHttpResponseCodec.decode(W3CHttpResponseCodec.java:122)
	at org.openqa.selenium.remote.http.W3CHttpResponseCodec.decode(W3CHttpResponseCodec.java:49)
	at org.openqa.selenium.remote.HttpCommandExecutor.execute(HttpCommandExecutor.java:164)
	at org.openqa.selenium.remote.service.DriverCommandExecutor.execute(DriverCommandExecutor.java:83)
	at org.openqa.selenium.remote.RemoteWebDriver.execute(RemoteWebDriver.java:600)
	at org.openqa.selenium.remote.RemoteWebDriver.executeScript(RemoteWebDriver.java:536)
	at com.triotree.driver.website.TTWebsiteDriver.clickByJS(TTWebsiteDriver.java:320)
	at com.triotree.website.PharmacyPages.OPSaleReturnPages.checkWithOutRefRadioBtn(OPSaleReturnPages.java:241)
	at com.triotree.website.Pharmacy.OPSaleReturnTest.saleReturnWithoutRef(OPSaleReturnTest.java:76)
... Removed 28 stack frames]]>
    </failure>
  </testcase> <!-- saleReturnWithoutRef -->
</testsuite> <!-- Test9 -->
