<?xml version="1.0" encoding="UTF-8"?>
<!-- Generated by org.testng.reporters.JUnitXMLReporter -->
<testsuite hostname="Nishantsharma" failures="0" tests="2" name="Test5" time="394.03" errors="0" timestamp="19 May 2020 16:53:06 GMT">
  <testcase classname="com.triotree.test.website.FrontOffice.MergeDuplicateTest" name="mergeAndUnmergePatientDuplicateTest" time="117.91"/>
  <testcase classname="com.triotree.test.website.FrontOffice.MergeDuplicateTest" name="frontOfficeMergeDuplicateWithDepositOnPatientTest" time="249.924"/>
</testsuite> <!-- Test5 -->
