<?xml version="1.0" encoding="UTF-8"?>
<!-- Generated by org.testng.reporters.JUnitXMLReporter -->
<testsuite hostname="DESKTOP-U1OL4JI" failures="1" tests="1" name="Test13" time="22.883" errors="0" timestamp="4 Dec 2020 12:49:13 GMT">
  <testcase classname="com.triotree.website.Pharmacy.PharmacyBillIPIssueByClickingNewOrdersTest" name="pharmacyBillIPIssueByClickingNewOrdersTest" time="0.002">
    <failure type="java.lang.Error" message="Unresolved compilation problem: 
	The method clickonOrderPlacedFromNursing(ExtentTest) in the type PharmacyBillIPIssueByClickingPartialOrdersPage is not applicable for the arguments (ExtentTest, String)
">
      <![CDATA[java.lang.Error: Unresolved compilation problem: 
	The method clickonOrderPlacedFromNursing(ExtentTest) in the type PharmacyBillIPIssueByClickingPartialOrdersPage is not applicable for the arguments (ExtentTest, String)

	at com.triotree.website.Pharmacy.PharmacyBillIPIssueByClickingNewOrdersTest.pharmacyBillIPIssueByClickingNewOrdersTest(PharmacyBillIPIssueByClickingNewOrdersTest.java:197)
... Removed 24 stack frames]]>
    </failure>
  </testcase> <!-- pharmacyBillIPIssueByClickingNewOrdersTest -->
</testsuite> <!-- Test13 -->
