<?xml version="1.0" encoding="UTF-8"?>
<!-- Generated by org.testng.reporters.JUnitXMLReporter -->
<testsuite hostname="Nishantsharma" failures="0" tests="2" name="Test1" time="373.266" errors="0" timestamp="19 May 2020 09:48:16 GMT">
  <testcase classname="com.triotree.test.website.FrontOffice.MergeDuplicateTest" name="mergeAndUnmergePatientDuplicateTest" time="109.903"/>
  <testcase classname="com.triotree.test.website.FrontOffice.MergeDuplicateTest" name="frontOfficeMergeDuplicateWithDepositOnPatientTest" time="251.716"/>
</testsuite> <!-- Test1 -->
