<?xml version="1.0" encoding="UTF-8"?>
<!-- Generated by org.testng.reporters.JUnitXMLReporter -->
<testsuite hostname="DESKTOP-U1OL4JI" failures="9" tests="22" name="Test" time="1650.397" errors="0" timestamp="27 Jul 2020 12:51:44 GMT">
  <testcase classname="com.triotree.website.Physician.PhysicianOPDCaseSheet" name="PhysicianOPDcaseSheetOrdersTest" time="150.527"/>
  <testcase classname="com.triotree.website.Physician.PhysicianOPDCaseSheetMedicineOrder" name="PhysicianOPDCaseSheetMedicineOrderTest" time="65.446"/>
  <testcase classname="com.triotree.website.Physician.PhysicianOPDCaseSheetOrderSet" name="PhysicianOPDCaseSheetOrderSetTest" time="63.731"/>
  <testcase classname="com.triotree.website.Physician.PhysicianProgressNotesTest" name="physicianProgressNotesTest" time="127.964"/>
  <testcase classname="com.triotree.website.Physician.PhysicalExaminationTest" name="physicalExaminationTest" time="42.743"/>
  <testcase classname="com.triotree.website.Physician.PhysicianExistingOrdersOPCasesheet" name="PhysicianExistingOrdersOPCasesheetTest" time="76.308"/>
  <testcase classname="com.triotree.website.Physician.PhysicianDentalTest" name="physicianDentalTest" time="58.376">
    <failure type="org.openqa.selenium.NoSuchElementException" message="no such element: Unable to locate element: {&amp;quot;method&amp;quot;:&amp;quot;xpath&amp;quot;,&amp;quot;selector&amp;quot;:&amp;quot;//div[@id=&amp;apos;teeth_area&amp;apos;]//span[@class=&amp;apos;tooltip green_bkp &amp;apos;]&amp;quot;}
  (Session info: chrome=84.0.4147.89)
For documentation on this error, please visit: http://seleniumhq.org/exceptions/no_such_element.html
Build info: version: &amp;apos;3.7.1&amp;apos;, revision: &amp;apos;8a0099a&amp;apos;, time: &amp;apos;2017-11-06T21:01:39.354Z&amp;apos;
System info: host: &amp;apos;DESKTOP-U1OL4JI&amp;apos;, ip: &amp;apos;206.19.38.23&amp;apos;, os.name: &amp;apos;Windows 10&amp;apos;, os.arch: &amp;apos;amd64&amp;apos;, os.version: &amp;apos;10.0&amp;apos;, java.version: &amp;apos;10.0.2&amp;apos;
Driver info: org.openqa.selenium.chrome.ChromeDriver
Capabilities {acceptInsecureCerts: false, browserName: chrome, browserVersion: 84.0.4147.89, chrome: {chromedriverVersion: 83.0.4103.39 (ccbf011cb2d2b..., userDataDir: C:\Users\Nishant\AppData\Lo...}, goog:chromeOptions: {debuggerAddress: localhost:55278}, javascriptEnabled: true, networkConnectionEnabled: false, pageLoadStrategy: normal, platform: WINDOWS, platformName: WINDOWS, proxy: Proxy(), setWindowRect: true, strictFileInteractability: false, timeouts: {implicit: 0, pageLoad: 300000, script: 30000}, unhandledPromptBehavior: dismiss and notify, webauthn:virtualAuthenticators: true}
Session ID: b5bd7069baa24ce967574a0ca3cd0239
*** Element info: {Using=xpath, value=//div[@id=&amp;apos;teeth_area&amp;apos;]//span[@class=&amp;apos;tooltip green_bkp &amp;apos;]}">
      <![CDATA[org.openqa.selenium.NoSuchElementException: no such element: Unable to locate element: {"method":"xpath","selector":"//div[@id='teeth_area']//span[@class='tooltip green_bkp ']"}
  (Session info: chrome=84.0.4147.89)
For documentation on this error, please visit: http://seleniumhq.org/exceptions/no_such_element.html
Build info: version: '3.7.1', revision: '8a0099a', time: '2017-11-06T21:01:39.354Z'
System info: host: 'DESKTOP-U1OL4JI', ip: '206.19.38.23', os.name: 'Windows 10', os.arch: 'amd64', os.version: '10.0', java.version: '10.0.2'
Driver info: org.openqa.selenium.chrome.ChromeDriver
Capabilities {acceptInsecureCerts: false, browserName: chrome, browserVersion: 84.0.4147.89, chrome: {chromedriverVersion: 83.0.4103.39 (ccbf011cb2d2b..., userDataDir: C:\Users\Nishant\AppData\Lo...}, goog:chromeOptions: {debuggerAddress: localhost:55278}, javascriptEnabled: true, networkConnectionEnabled: false, pageLoadStrategy: normal, platform: WINDOWS, platformName: WINDOWS, proxy: Proxy(), setWindowRect: true, strictFileInteractability: false, timeouts: {implicit: 0, pageLoad: 300000, script: 30000}, unhandledPromptBehavior: dismiss and notify, webauthn:virtualAuthenticators: true}
Session ID: b5bd7069baa24ce967574a0ca3cd0239
*** Element info: {Using=xpath, value=//div[@id='teeth_area']//span[@class='tooltip green_bkp ']}
	at org.openqa.selenium.remote.http.W3CHttpResponseCodec.createException(W3CHttpResponseCodec.java:187)
	at org.openqa.selenium.remote.http.W3CHttpResponseCodec.decode(W3CHttpResponseCodec.java:122)
	at org.openqa.selenium.remote.http.W3CHttpResponseCodec.decode(W3CHttpResponseCodec.java:49)
	at org.openqa.selenium.remote.HttpCommandExecutor.execute(HttpCommandExecutor.java:164)
	at org.openqa.selenium.remote.service.DriverCommandExecutor.execute(DriverCommandExecutor.java:83)
	at org.openqa.selenium.remote.RemoteWebDriver.execute(RemoteWebDriver.java:600)
	at org.openqa.selenium.remote.RemoteWebDriver.findElement(RemoteWebDriver.java:370)
	at org.openqa.selenium.remote.RemoteWebDriver.findElementByXPath(RemoteWebDriver.java:472)
	at org.openqa.selenium.By$ByXPath.findElement(By.java:361)
	at org.openqa.selenium.remote.RemoteWebDriver.findElement(RemoteWebDriver.java:362)
	at com.triotree.driver.website.TTWebsiteDriver.findElement(TTWebsiteDriver.java:506)
	at com.triotree.website.pages.Physician.PhysicianDentalPage.clickonTeethToolTip(PhysicianDentalPage.java:124)
	at com.triotree.website.Physician.PhysicianDentalTest.physicianDentalTest(PhysicianDentalTest.java:54)
... Removed 28 stack frames]]>
    </failure>
  </testcase> <!-- physicianDentalTest -->
  <testcase classname="com.triotree.website.Physician.PhysicianOPDCaseSheetManualOrder" name="PhysicianOPDcasesheetManualTest" time="59.942"/>
  <testcase classname="com.triotree.website.Physician.PhysicianOPDCaseSheetLaboratroyorder" name="PhysicianOPDCaseSheetLaboratroyOrderTest" time="59.384"/>
  <testcase classname="com.triotree.website.Physician.PhysicianOtherHistoryTest" name="physicianOtherHistoryTest" time="51.563"/>
  <testcase classname="com.triotree.website.Physician.PhysicianPatientSpecificdocumentation" name="PhysicianPatientSpecificdocumentationTest" time="61.68"/>
  <testcase classname="com.triotree.website.Physician.PhysicianTemplateFromPhysicianModule" name="PhysicianTemplateFromPhysicianModuleTest" time="62.084"/>
  <testcase classname="com.triotree.website.Physician.PhysicianDiagnosis" name="PhysicianDiagnosisTest" time="44.224"/>
  <testcase classname="com.triotree.website.Physician.PhysicianChiefComplaints" name="PhysicianChiefComplaintsTest" time="70.009"/>
  <testcase classname="com.triotree.website.Physician.PhysicainAdvice" name="PhysicianHOPITest" time="35.679">
    <failure type="org.openqa.selenium.NoSuchElementException" message="no such element: Unable to locate element: {&amp;quot;method&amp;quot;:&amp;quot;xpath&amp;quot;,&amp;quot;selector&amp;quot;:&amp;quot;//div[@class=&amp;apos;modal_sub_title&amp;apos;]&amp;quot;}
  (Session info: chrome=84.0.4147.89)
For documentation on this error, please visit: http://seleniumhq.org/exceptions/no_such_element.html
Build info: version: &amp;apos;3.7.1&amp;apos;, revision: &amp;apos;8a0099a&amp;apos;, time: &amp;apos;2017-11-06T21:01:39.354Z&amp;apos;
System info: host: &amp;apos;DESKTOP-U1OL4JI&amp;apos;, ip: &amp;apos;206.19.38.23&amp;apos;, os.name: &amp;apos;Windows 10&amp;apos;, os.arch: &amp;apos;amd64&amp;apos;, os.version: &amp;apos;10.0&amp;apos;, java.version: &amp;apos;10.0.2&amp;apos;
Driver info: org.openqa.selenium.chrome.ChromeDriver
Capabilities {acceptInsecureCerts: false, browserName: chrome, browserVersion: 84.0.4147.89, chrome: {chromedriverVersion: 83.0.4103.39 (ccbf011cb2d2b..., userDataDir: C:\Users\Nishant\AppData\Lo...}, goog:chromeOptions: {debuggerAddress: localhost:57459}, javascriptEnabled: true, networkConnectionEnabled: false, pageLoadStrategy: normal, platform: WINDOWS, platformName: WINDOWS, proxy: Proxy(), setWindowRect: true, strictFileInteractability: false, timeouts: {implicit: 0, pageLoad: 300000, script: 30000}, unhandledPromptBehavior: dismiss and notify, webauthn:virtualAuthenticators: true}
Session ID: 510b77f34ae030ab07d6938b78f7addd
*** Element info: {Using=xpath, value=//div[@class=&amp;apos;modal_sub_title&amp;apos;]}">
      <![CDATA[org.openqa.selenium.NoSuchElementException: no such element: Unable to locate element: {"method":"xpath","selector":"//div[@class='modal_sub_title']"}
  (Session info: chrome=84.0.4147.89)
For documentation on this error, please visit: http://seleniumhq.org/exceptions/no_such_element.html
Build info: version: '3.7.1', revision: '8a0099a', time: '2017-11-06T21:01:39.354Z'
System info: host: 'DESKTOP-U1OL4JI', ip: '206.19.38.23', os.name: 'Windows 10', os.arch: 'amd64', os.version: '10.0', java.version: '10.0.2'
Driver info: org.openqa.selenium.chrome.ChromeDriver
Capabilities {acceptInsecureCerts: false, browserName: chrome, browserVersion: 84.0.4147.89, chrome: {chromedriverVersion: 83.0.4103.39 (ccbf011cb2d2b..., userDataDir: C:\Users\Nishant\AppData\Lo...}, goog:chromeOptions: {debuggerAddress: localhost:57459}, javascriptEnabled: true, networkConnectionEnabled: false, pageLoadStrategy: normal, platform: WINDOWS, platformName: WINDOWS, proxy: Proxy(), setWindowRect: true, strictFileInteractability: false, timeouts: {implicit: 0, pageLoad: 300000, script: 30000}, unhandledPromptBehavior: dismiss and notify, webauthn:virtualAuthenticators: true}
Session ID: 510b77f34ae030ab07d6938b78f7addd
*** Element info: {Using=xpath, value=//div[@class='modal_sub_title']}
	at org.openqa.selenium.remote.http.W3CHttpResponseCodec.createException(W3CHttpResponseCodec.java:187)
	at org.openqa.selenium.remote.http.W3CHttpResponseCodec.decode(W3CHttpResponseCodec.java:122)
	at org.openqa.selenium.remote.http.W3CHttpResponseCodec.decode(W3CHttpResponseCodec.java:49)
	at org.openqa.selenium.remote.HttpCommandExecutor.execute(HttpCommandExecutor.java:164)
	at org.openqa.selenium.remote.service.DriverCommandExecutor.execute(DriverCommandExecutor.java:83)
	at org.openqa.selenium.remote.RemoteWebDriver.execute(RemoteWebDriver.java:600)
	at org.openqa.selenium.remote.RemoteWebDriver.findElement(RemoteWebDriver.java:370)
	at org.openqa.selenium.remote.RemoteWebDriver.findElementByXPath(RemoteWebDriver.java:472)
	at org.openqa.selenium.By$ByXPath.findElement(By.java:361)
	at org.openqa.selenium.remote.RemoteWebDriver.findElement(RemoteWebDriver.java:362)
	at com.triotree.driver.website.TTWebsiteDriver.findElement(TTWebsiteDriver.java:506)
	at com.triotree.website.pages.Physician.PhysicianOPDcaseSheetOrders.getHeading(PhysicianOPDcaseSheetOrders.java:144)
	at com.triotree.website.Physician.PhysicainAdvice.PhysicianHOPITest(PhysicainAdvice.java:36)
... Removed 28 stack frames]]>
    </failure>
  </testcase> <!-- PhysicianHOPITest -->
  <testcase classname="com.triotree.website.Physician.PhysicianOPDCaseSheetConsultsOrder" name="PhysicianOPDCaseSheetConsultsOrderTest" time="54.013">
    <failure type="java.lang.AssertionError" message="Patient is not available in Patient Queue expected [true] but found [false]">
      <![CDATA[java.lang.AssertionError: Patient is not available in Patient Queue expected [true] but found [false]
	at com.triotree.website.pages.Physician.PhysicianOPDcaseSheetOrders.clickonPatient(PhysicianOPDcaseSheetOrders.java:201)
	at com.triotree.website.Physician.PhysicianOPDCaseSheetConsultsOrder.PhysicianOPDCaseSheetConsultsOrderTest(PhysicianOPDCaseSheetConsultsOrder.java:40)
... Removed 27 stack frames]]>
    </failure>
  </testcase> <!-- PhysicianOPDCaseSheetConsultsOrderTest -->
  <testcase classname="com.triotree.website.Physician.PhysicianNotetoSelfTest" name="physicianNotetoSelfTest" time="64.57">
    <failure type="java.lang.AssertionError" message="Patient is not available in Patient Queue expected [true] but found [false]">
      <![CDATA[java.lang.AssertionError: Patient is not available in Patient Queue expected [true] but found [false]
	at com.triotree.website.pages.Physician.PhysicianOPDcaseSheetOrders.clickonPatient(PhysicianOPDcaseSheetOrders.java:201)
	at com.triotree.website.Physician.PhysicianNotetoSelfTest.physicianNotetoSelfTest(PhysicianNotetoSelfTest.java:43)
... Removed 27 stack frames]]>
    </failure>
  </testcase> <!-- physicianNotetoSelfTest -->
  <testcase classname="com.triotree.website.Physician.PatientDocumentUploadTest" name="physicianProgressNotesTest" time="68.924">
    <failure type="java.lang.AssertionError" message="Patient is not available in Patient Queue expected [true] but found [false]">
      <![CDATA[java.lang.AssertionError: Patient is not available in Patient Queue expected [true] but found [false]
	at com.triotree.website.pages.Physician.PhysicianOPDcaseSheetOrders.clickonPatient(PhysicianOPDcaseSheetOrders.java:201)
	at com.triotree.website.Physician.PatientDocumentUploadTest.physicianProgressNotesTest(PatientDocumentUploadTest.java:47)
... Removed 27 stack frames]]>
    </failure>
  </testcase> <!-- physicianProgressNotesTest -->
  <testcase classname="com.triotree.website.Physician.PhysicianOPDCaseSheetProcedureOrder" name="PhysicianOPDCaseSheetProcedureOrderTest" time="52.765">
    <failure type="java.lang.AssertionError" message="Patient is not available in Patient Queue expected [true] but found [false]">
      <![CDATA[java.lang.AssertionError: Patient is not available in Patient Queue expected [true] but found [false]
	at com.triotree.website.pages.Physician.PhysicianOPDcaseSheetOrders.clickonPatient(PhysicianOPDcaseSheetOrders.java:201)
	at com.triotree.website.Physician.PhysicianOPDCaseSheetProcedureOrder.PhysicianOPDCaseSheetProcedureOrderTest(PhysicianOPDCaseSheetProcedureOrder.java:45)
... Removed 27 stack frames]]>
    </failure>
  </testcase> <!-- PhysicianOPDCaseSheetProcedureOrderTest -->
  <testcase classname="com.triotree.website.Physician.PhysicianHOPI" name="PhysicianHOPITest" time="61.31">
    <failure type="java.lang.AssertionError" message="Patient is not available in Patient Queue expected [true] but found [false]">
      <![CDATA[java.lang.AssertionError: Patient is not available in Patient Queue expected [true] but found [false]
	at com.triotree.website.pages.Physician.PhysicianOPDcaseSheetOrders.clickonPatient(PhysicianOPDcaseSheetOrders.java:201)
	at com.triotree.website.Physician.PhysicianHOPI.PhysicianHOPITest(PhysicianHOPI.java:39)
... Removed 27 stack frames]]>
    </failure>
  </testcase> <!-- PhysicianHOPITest -->
  <testcase classname="com.triotree.website.Physician.PhysicianOPDCaseSheetRadiologyOrder" name="PhysicianOPDCaseSheetRadiologyOrderTest" time="65.107">
    <failure type="java.lang.AssertionError" message="Patient is not available in Patient Queue expected [true] but found [false]">
      <![CDATA[java.lang.AssertionError: Patient is not available in Patient Queue expected [true] but found [false]
	at com.triotree.website.pages.Physician.PhysicianOPDcaseSheetOrders.clickonPatient(PhysicianOPDcaseSheetOrders.java:201)
	at com.triotree.website.Physician.PhysicianOPDCaseSheetRadiologyOrder.PhysicianOPDCaseSheetRadiologyOrderTest(PhysicianOPDCaseSheetRadiologyOrder.java:41)
... Removed 27 stack frames]]>
    </failure>
  </testcase> <!-- PhysicianOPDCaseSheetRadiologyOrderTest -->
  <testcase classname="com.triotree.website.Physician.PhysicianAllergiesAndHabitsTest" name="physicianAllergiesAndHabitsTest" time="70.881">
    <failure type="java.lang.AssertionError" message="Patient is not available in Patient Queue expected [true] but found [false]">
      <![CDATA[java.lang.AssertionError: Patient is not available in Patient Queue expected [true] but found [false]
	at com.triotree.website.pages.Physician.PhysicianOPDcaseSheetOrders.clickonPatient(PhysicianOPDcaseSheetOrders.java:201)
	at com.triotree.website.Physician.PhysicianAllergiesAndHabitsTest.physicianAllergiesAndHabitsTest(PhysicianAllergiesAndHabitsTest.java:43)
... Removed 27 stack frames]]>
    </failure>
  </testcase> <!-- physicianAllergiesAndHabitsTest -->
</testsuite> <!-- Test -->
