<?xml version="1.0" encoding="UTF-8"?>
<!-- Generated by org.testng.reporters.JUnitXMLReporter -->
<testsuite hostname="DESKTOP-U1OL4JI" failures="0" tests="2" name="Test11" time="350.672" errors="0" timestamp="4 Dec 2020 12:48:50 GMT">
  <testcase classname="com.triotree.website.Pharmacy.DischargeNotificationTest" name="dischargeNotificationTest" time="256.563"/>
  <testcase classname="com.triotree.website.Pharmacy.DischargeNotificationTest" name="dischargeNotificationForExpectedDateOfDischargeTest" time="47.015"/>
</testsuite> <!-- Test11 -->
