<?xml version="1.0" encoding="UTF-8"?>
<!-- Generated by org.testng.reporters.JUnitXMLReporter -->
<testsuite hostname="Nishantsharma" failures="1" tests="11" name="Test2" time="1613.089" errors="0" timestamp="19 May 2020 10:15:10 GMT">
  <testcase classname="com.triotree.test.website.FrontOffice.PatientRegistrationTest" name="patientRegistrationValidDataTest" time="134.863"/>
  <testcase classname="com.triotree.test.website.FrontOffice.PatientRegistrationTest" name="patientRegistrationAliasName" time="172.166"/>
  <testcase classname="com.triotree.test.website.FrontOffice.PatientRegistrationTest" name="frontOfficeSearchPatientTest" time="81.893"/>
  <testcase classname="com.triotree.test.website.FrontOffice.PatientRegistrationTest" name="patientRegistrationSimilarSoundingClosePopupTest" time="153.455"/>
  <testcase classname="com.triotree.test.website.FrontOffice.PatientRegistrationTest" name="patientRegistrationSimilarSoundingSelectPreviousPatientTest" time="57.567"/>
  <testcase classname="com.triotree.test.website.FrontOffice.PatientRegistrationTest" name="frontOfficeDocumentUploadTest" time="59.539"/>
  <testcase classname="com.triotree.test.website.FrontOffice.PatientRegistrationTest" name="registrationFormInFrontOfficeWithKinDetailsTest" time="152.704"/>
  <testcase classname="com.triotree.test.website.FrontOffice.PatientRegistrationTest" name="frontOfficeRegistrationWithKinDetailsTest" time="158.878"/>
  <testcase classname="com.triotree.test.website.FrontOffice.PatientRegistrationTest" name="frontOfficeDOBSearchFieldInAllScreenTest" time="224.246">
    <failure type="org.openqa.selenium.NoSuchElementException" message="no such element: Unable to locate element: {&amp;quot;method&amp;quot;:&amp;quot;xpath&amp;quot;,&amp;quot;selector&amp;quot;:&amp;quot;//table[@id=&amp;apos;searchResultsTable&amp;apos;]//tr[@class=&amp;apos;patient_row&amp;apos;][1]&amp;quot;}
  (Session info: chrome=81.0.4044.138)
  (Driver info: chromedriver=2.40.565498 (ea082db3280dd6843ebfb08a625e3eb905c4f5ab),platform=Windows NT 6.1.7601 SP1 x86_64) (WARNING: The server did not provide any stacktrace information)
Command duration or timeout: 0 milliseconds
For documentation on this error, please visit: http://seleniumhq.org/exceptions/no_such_element.html
Build info: version: &amp;apos;3.7.1&amp;apos;, revision: &amp;apos;8a0099a&amp;apos;, time: &amp;apos;2017-11-06T21:01:39.354Z&amp;apos;
System info: host: &amp;apos;NISHANTSHARMA&amp;apos;, ip: &amp;apos;206.19.38.23&amp;apos;, os.name: &amp;apos;Windows 7&amp;apos;, os.arch: &amp;apos;amd64&amp;apos;, os.version: &amp;apos;6.1&amp;apos;, java.version: &amp;apos;10.0.2&amp;apos;
Driver info: org.openqa.selenium.chrome.ChromeDriver
Capabilities {acceptInsecureCerts: false, acceptSslCerts: false, applicationCacheEnabled: false, browserConnectionEnabled: false, browserName: chrome, chrome: {chromedriverVersion: 2.40.565498 (ea082db3280dd6..., userDataDir: C:\Users\NISHAN~1\AppData\L...}, cssSelectorsEnabled: true, databaseEnabled: false, handlesAlerts: true, hasTouchScreen: false, javascriptEnabled: true, locationContextEnabled: true, mobileEmulationEnabled: false, nativeEvents: true, networkConnectionEnabled: false, pageLoadStrategy: normal, platform: XP, platformName: XP, rotatable: false, setWindowRect: true, takesHeapSnapshot: true, takesScreenshot: true, unexpectedAlertBehaviour: , unhandledPromptBehavior: , version: 81.0.4044.138, webStorageEnabled: true}
Session ID: 5b53a94b15cc90e9b441556a5e1940b4
*** Element info: {Using=xpath, value=//table[@id=&amp;apos;searchResultsTable&amp;apos;]//tr[@class=&amp;apos;patient_row&amp;apos;][1]}">
      <![CDATA[org.openqa.selenium.NoSuchElementException: no such element: Unable to locate element: {"method":"xpath","selector":"//table[@id='searchResultsTable']//tr[@class='patient_row'][1]"}
  (Session info: chrome=81.0.4044.138)
  (Driver info: chromedriver=2.40.565498 (ea082db3280dd6843ebfb08a625e3eb905c4f5ab),platform=Windows NT 6.1.7601 SP1 x86_64) (WARNING: The server did not provide any stacktrace information)
Command duration or timeout: 0 milliseconds
For documentation on this error, please visit: http://seleniumhq.org/exceptions/no_such_element.html
Build info: version: '3.7.1', revision: '8a0099a', time: '2017-11-06T21:01:39.354Z'
System info: host: 'NISHANTSHARMA', ip: '206.19.38.23', os.name: 'Windows 7', os.arch: 'amd64', os.version: '6.1', java.version: '10.0.2'
Driver info: org.openqa.selenium.chrome.ChromeDriver
Capabilities {acceptInsecureCerts: false, acceptSslCerts: false, applicationCacheEnabled: false, browserConnectionEnabled: false, browserName: chrome, chrome: {chromedriverVersion: 2.40.565498 (ea082db3280dd6..., userDataDir: C:\Users\NISHAN~1\AppData\L...}, cssSelectorsEnabled: true, databaseEnabled: false, handlesAlerts: true, hasTouchScreen: false, javascriptEnabled: true, locationContextEnabled: true, mobileEmulationEnabled: false, nativeEvents: true, networkConnectionEnabled: false, pageLoadStrategy: normal, platform: XP, platformName: XP, rotatable: false, setWindowRect: true, takesHeapSnapshot: true, takesScreenshot: true, unexpectedAlertBehaviour: , unhandledPromptBehavior: , version: 81.0.4044.138, webStorageEnabled: true}
Session ID: 5b53a94b15cc90e9b441556a5e1940b4
*** Element info: {Using=xpath, value=//table[@id='searchResultsTable']//tr[@class='patient_row'][1]}
	at org.openqa.selenium.remote.ErrorHandler.createThrowable(ErrorHandler.java:214)
	at org.openqa.selenium.remote.ErrorHandler.throwIfResponseFailed(ErrorHandler.java:166)
	at org.openqa.selenium.remote.http.JsonHttpResponseCodec.reconstructValue(JsonHttpResponseCodec.java:40)
	at org.openqa.selenium.remote.http.AbstractHttpResponseCodec.decode(AbstractHttpResponseCodec.java:80)
	at org.openqa.selenium.remote.http.AbstractHttpResponseCodec.decode(AbstractHttpResponseCodec.java:44)
	at org.openqa.selenium.remote.HttpCommandExecutor.execute(HttpCommandExecutor.java:164)
	at org.openqa.selenium.remote.service.DriverCommandExecutor.execute(DriverCommandExecutor.java:83)
	at org.openqa.selenium.remote.RemoteWebDriver.execute(RemoteWebDriver.java:600)
	at org.openqa.selenium.remote.RemoteWebDriver.findElement(RemoteWebDriver.java:370)
	at org.openqa.selenium.remote.RemoteWebDriver.findElementByXPath(RemoteWebDriver.java:472)
	at org.openqa.selenium.By$ByXPath.findElement(By.java:361)
	at org.openqa.selenium.remote.RemoteWebDriver.findElement(RemoteWebDriver.java:362)
	at com.triotree.driver.website.TTWebsiteDriver.retryingFindClick(TTWebsiteDriver.java:285)
	at com.triotree.driver.website.TTWebsiteDriver.click(TTWebsiteDriver.java:277)
	at com.triotree.website.pages.FrontOffice.PatientRegistrationPage.selectFirstSearchedPatientRow(PatientRegistrationPage.java:972)
	at com.triotree.test.website.FrontOffice.PatientRegistrationTest.frontOfficeDOBSearchFieldInAllScreenTest(PatientRegistrationTest.java:545)
... Removed 28 stack frames]]>
    </failure>
  </testcase> <!-- frontOfficeDOBSearchFieldInAllScreenTest -->
  <testcase classname="com.triotree.test.website.FrontOffice.PatientRegistrationTest" name="frontOfficeCapturePurposeOfVisitOnRegistrationTest" time="151.35"/>
  <testcase classname="com.triotree.test.website.FrontOffice.PatientRegistrationTest" name="frontOfficeCaptureModificationRemarksChangingDemographicDetailsTest" time="152.485"/>
</testsuite> <!-- Test2 -->
