<?xml version="1.0" encoding="UTF-8"?>
<!-- Generated by org.testng.reporters.JUnitXMLReporter -->
<testsuite hostname="Nishantsharma" failures="0" tests="11" name="Test" time="1829.548" errors="0" timestamp="17 Mar 2020 06:50:49 GMT">
  <testcase classname="com.triotree.test.website.FrontOffice.PatientRegistrationTest" name="patientRegistrationValidDataTest" time="147.96"/>
  <testcase classname="com.triotree.test.website.FrontOffice.PatientRegistrationTest" name="patientRegistrationAliasName" time="160.778"/>
  <testcase classname="com.triotree.test.website.FrontOffice.PatientRegistrationTest" name="frontOfficeSearchPatientTest" time="81.702"/>
  <testcase classname="com.triotree.test.website.FrontOffice.PatientRegistrationTest" name="patientRegistrationSimilarSoundingClosePopupTest" time="134.786"/>
  <testcase classname="com.triotree.test.website.FrontOffice.PatientRegistrationTest" name="patientRegistrationSimilarSoundingSelectPreviousPatientTest" time="93.835"/>
  <testcase classname="com.triotree.test.website.FrontOffice.PatientRegistrationTest" name="frontOfficeDocumentUploadTest" time="58.324"/>
  <testcase classname="com.triotree.test.website.FrontOffice.PatientRegistrationTest" name="registrationFormInFrontOfficeWithKinDetailsTest" time="179.34"/>
  <testcase classname="com.triotree.test.website.FrontOffice.PatientRegistrationTest" name="frontOfficeRegistrationWithKinDetailsTest" time="179.808"/>
  <testcase classname="com.triotree.test.website.FrontOffice.PatientRegistrationTest" name="frontOfficeDOBSearchFieldInAllScreenTest" time="430.443"/>
  <testcase classname="com.triotree.test.website.FrontOffice.PatientRegistrationTest" name="frontOfficeCapturePurposeOfVisitOnRegistrationTest" time="147.69"/>
  <testcase classname="com.triotree.test.website.FrontOffice.PatientRegistrationTest" name="frontOfficeCaptureModificationRemarksChangingDemographicDetailsTest" time="155.219"/>
</testsuite> <!-- Test -->
