<?xml version="1.0" encoding="UTF-8"?>
<testng-results total="1" passed="1" failed="0" skipped="0">
  <reporter-output>
  </reporter-output>
  <suite started-at="2020-09-09T04:33:34Z" name="Default suite" finished-at="2020-09-09T04:34:44Z" duration-ms="69935">
    <groups>
    </groups>
    <test started-at="2020-09-09T04:33:34Z" name="Default test" finished-at="2020-09-09T04:34:44Z" duration-ms="69935">
      <class name="com.triotree.website.Physician.DoctorWorklistAppointment">
        <test-method is-config="true" signature="beforeSuite(java.lang.String)[pri:0, instance:com.triotree.website.Physician.DoctorWorklistAppointment@241a53ef]" started-at="2020-09-09T10:03:34Z" name="beforeSuite" finished-at="2020-09-09T10:03:34Z" duration-ms="350" status="PASS">
          <params>
            <param index="0">
              <value is-null="true"/>
            </param>
          </params>
          <reporter-output>
          </reporter-output>
        </test-method> <!-- beforeSuite -->
        <test-method is-config="true" signature="beforeclass()[pri:0, instance:com.triotree.website.Physician.DoctorWorklistAppointment@241a53ef]" started-at="2020-09-09T10:03:34Z" name="beforeclass" finished-at="2020-09-09T10:03:34Z" duration-ms="0" status="PASS">
          <reporter-output>
          </reporter-output>
        </test-method> <!-- beforeclass -->
        <test-method is-config="true" signature="setUp()[pri:0, instance:com.triotree.website.Physician.DoctorWorklistAppointment@241a53ef]" started-at="2020-09-09T10:03:34Z" name="setUp" finished-at="2020-09-09T10:03:45Z" duration-ms="11274" status="PASS">
          <reporter-output>
          </reporter-output>
        </test-method> <!-- setUp -->
        <test-method signature="DoctorWorklistAppointmentTest()[pri:0, instance:com.triotree.website.Physician.DoctorWorklistAppointment@241a53ef]" started-at="2020-09-09T10:03:45Z" name="DoctorWorklistAppointmentTest" finished-at="2020-09-09T10:04:43Z" duration-ms="58148" status="PASS">
          <reporter-output>
          </reporter-output>
        </test-method> <!-- DoctorWorklistAppointmentTest -->
        <test-method is-config="true" signature="tearDownSession()[pri:0, instance:com.triotree.website.Physician.DoctorWorklistAppointment@241a53ef]" started-at="2020-09-09T10:04:43Z" name="tearDownSession" finished-at="2020-09-09T10:04:44Z" duration-ms="497" status="PASS">
          <reporter-output>
          </reporter-output>
        </test-method> <!-- tearDownSession -->
        <test-method is-config="true" signature="afterSuite()[pri:0, instance:com.triotree.website.Physician.DoctorWorklistAppointment@241a53ef]" started-at="2020-09-09T10:04:44Z" name="afterSuite" finished-at="2020-09-09T10:04:44Z" duration-ms="1" status="PASS">
          <reporter-output>
          </reporter-output>
        </test-method> <!-- afterSuite -->
      </class> <!-- com.triotree.website.Physician.DoctorWorklistAppointment -->
    </test> <!-- Default test -->
  </suite> <!-- Default suite -->
</testng-results>
