<?xml version="1.0" encoding="UTF-8"?>
<testng-results total="1" passed="1" failed="0" skipped="0">
  <reporter-output>
  </reporter-output>
  <suite started-at="2020-08-17T06:11:31Z" name="Default suite" finished-at="2020-08-17T06:12:01Z" duration-ms="29919">
    <groups>
    </groups>
    <test started-at="2020-08-17T06:11:31Z" name="Default test" finished-at="2020-08-17T06:12:01Z" duration-ms="29919">
      <class name="com.triotree.website.Physician.PhysicianEMRTest">
        <test-method is-config="true" signature="beforeSuite(java.lang.String)[pri:0, instance:com.triotree.website.Physician.PhysicianEMRTest@499b2a5c]" started-at="2020-08-17T11:41:31Z" name="beforeSuite" finished-at="2020-08-17T11:41:31Z" duration-ms="226" status="PASS">
          <params>
            <param index="0">
              <value is-null="true"/>
            </param>
          </params>
          <reporter-output>
          </reporter-output>
        </test-method> <!-- beforeSuite -->
        <test-method is-config="true" signature="beforeclass()[pri:0, instance:com.triotree.website.Physician.PhysicianEMRTest@499b2a5c]" started-at="2020-08-17T11:41:31Z" name="beforeclass" finished-at="2020-08-17T11:41:31Z" duration-ms="0" status="PASS">
          <reporter-output>
          </reporter-output>
        </test-method> <!-- beforeclass -->
        <test-method is-config="true" signature="setUp()[pri:0, instance:com.triotree.website.Physician.PhysicianEMRTest@499b2a5c]" started-at="2020-08-17T11:41:31Z" name="setUp" finished-at="2020-08-17T11:41:39Z" duration-ms="7768" status="PASS">
          <reporter-output>
          </reporter-output>
        </test-method> <!-- setUp -->
        <test-method signature="physicianEMRTest()[pri:0, instance:com.triotree.website.Physician.PhysicianEMRTest@499b2a5c]" started-at="2020-08-17T11:41:39Z" name="physicianEMRTest" finished-at="2020-08-17T11:42:01Z" duration-ms="22090" status="PASS">
          <reporter-output>
          </reporter-output>
        </test-method> <!-- physicianEMRTest -->
        <test-method is-config="true" signature="tearDownSession()[pri:0, instance:com.triotree.website.Physician.PhysicianEMRTest@499b2a5c]" started-at="2020-08-17T11:42:01Z" name="tearDownSession" finished-at="2020-08-17T11:42:01Z" duration-ms="36" status="PASS">
          <reporter-output>
          </reporter-output>
        </test-method> <!-- tearDownSession -->
        <test-method is-config="true" signature="afterSuite()[pri:0, instance:com.triotree.website.Physician.PhysicianEMRTest@499b2a5c]" started-at="2020-08-17T11:42:01Z" name="afterSuite" finished-at="2020-08-17T11:42:01Z" duration-ms="2" status="PASS">
          <reporter-output>
          </reporter-output>
        </test-method> <!-- afterSuite -->
      </class> <!-- com.triotree.website.Physician.PhysicianEMRTest -->
    </test> <!-- Default test -->
  </suite> <!-- Default suite -->
</testng-results>
