<?xml version="1.0" encoding="UTF-8"?>
<!-- Generated by org.testng.reporters.JUnitReportReporter -->
<testsuite hostname="Nishantsharma" failures="1" tests="1" name="com.triotree.website.pages.FrontOffice.FrontOfficeBilling" time="0.016" errors="0" timestamp="18 Mar 2020 07:35:06 GMT">
  <testcase classname="com.triotree.website.pages.FrontOffice.FrontOfficeBilling" name="billingtest" time="0.016">
    <failure message="
Can&#039;t invoke public void com.triotree.website.pages.FrontOffice.FrontOfficeBilling.billingtest(): either make it static or add a no-args constructor to your class" type="org.testng.TestNGException">
      <![CDATA[org.testng.TestNGException: 
Can't invoke public void com.triotree.website.pages.FrontOffice.FrontOfficeBilling.billingtest(): either make it static or add a no-args constructor to your class
	at org.testng.internal.Utils.checkInstanceOrStatic(Utils.java:803)
	at org.testng.internal.MethodInvocationHelper.invokeMethod(MethodInvocationHelper.java:36)
	at org.testng.internal.Invoker.invokeMethod(Invoker.java:714)
	at org.testng.internal.Invoker.invokeTestMethod(Invoker.java:901)
	at org.testng.internal.Invoker.invokeTestMethods(Invoker.java:1231)
	at org.testng.internal.TestMethodWorker.invokeTestMethods(TestMethodWorker.java:127)
	at org.testng.internal.TestMethodWorker.run(TestMethodWorker.java:111)
	at org.testng.TestRunner.privateRun(TestRunner.java:767)
	at org.testng.TestRunner.run(TestRunner.java:617)
	at org.testng.SuiteRunner.runTest(SuiteRunner.java:334)
	at org.testng.SuiteRunner.runSequentially(SuiteRunner.java:329)
	at org.testng.SuiteRunner.privateRun(SuiteRunner.java:291)
	at org.testng.SuiteRunner.run(SuiteRunner.java:240)
	at org.testng.SuiteRunnerWorker.runSuite(SuiteRunnerWorker.java:52)
	at org.testng.SuiteRunnerWorker.run(SuiteRunnerWorker.java:86)
	at org.testng.TestNG.runSuitesSequentially(TestNG.java:1198)
	at org.testng.TestNG.runSuitesLocally(TestNG.java:1123)
	at org.testng.TestNG.run(TestNG.java:1031)
	at org.testng.remote.AbstractRemoteTestNG.run(AbstractRemoteTestNG.java:115)
	at org.testng.remote.RemoteTestNG.initAndRun(RemoteTestNG.java:251)
	at org.testng.remote.RemoteTestNG.main(RemoteTestNG.java:77)
]]>
    </failure>
  </testcase> <!-- billingtest -->
</testsuite> <!-- com.triotree.website.pages.FrontOffice.FrontOfficeBilling -->
